c:\code shit\electron\bgi\debug\vc143.pdb
c:\code shit\electron\bgi\debug\vc143.idb
c:\code shit\electron\bgi\debug\winthread.obj
c:\code shit\electron\bgi\debug\winbgi.obj
c:\code shit\electron\bgi\debug\text.obj
c:\code shit\electron\bgi\debug\main.obj
c:\code shit\electron\bgi\debug\palette.obj
c:\code shit\electron\bgi\debug\mouse.obj
c:\code shit\electron\bgi\debug\misc.obj
c:\code shit\electron\bgi\debug\file.obj
c:\code shit\electron\bgi\debug\drawing.obj
c:\code shit\electron\bgi\debug\dibutil.obj
c:\code shit\electron\bgi\debug\bgiout.obj
c:\code shit\electron\debug\bgi.exe
c:\code shit\electron\debug\bgi.pdb
c:\code shit\electron\bgi\debug\bgi.ilk
c:\code shit\electron\debug\bgi.ilk
c:\code shit\electron\debug\bgi.exe.intermediate.manifest
c:\code shit\electron\bgi\debug\bgi.tlog\cl.command.1.tlog
c:\code shit\electron\bgi\debug\bgi.tlog\cl.items.tlog
c:\code shit\electron\bgi\debug\bgi.tlog\cl.read.1.tlog
c:\code shit\electron\bgi\debug\bgi.tlog\cl.write.1.tlog
c:\code shit\electron\bgi\debug\bgi.tlog\link.command.1.tlog
c:\code shit\electron\bgi\debug\bgi.tlog\link.read.1.tlog
c:\code shit\electron\bgi\debug\bgi.tlog\link.secondary.1.tlog
c:\code shit\electron\bgi\debug\bgi.tlog\link.write.1.tlog
