  main.cpp
C:\facultate\proiectip\electron\electron\main.cpp(60,32): warning C4244: 'initializing': conversion from 'int' to 'float', possible loss of data
C:\facultate\proiectip\electron\electron\main.cpp(113,14): warning C4244: 'argument': conversion from 'float' to 'int', possible loss of data
C:\facultate\proiectip\electron\electron\main.cpp(114,33): warning C4244: 'argument': conversion from 'float' to 'int', possible loss of data
C:\facultate\proiectip\electron\electron\main.cpp(114,28): warning C4244: 'argument': conversion from 'float' to 'int', possible loss of data
C:\facultate\proiectip\electron\electron\main.cpp(114,14): warning C4244: 'argument': conversion from 'float' to 'int', possible loss of data
C:\facultate\proiectip\electron\electron\main.cpp(114,10): warning C4244: 'argument': conversion from 'float' to 'int', possible loss of data
C:\facultate\proiectip\electron\electron\main.cpp(115,44): warning C4244: 'argument': conversion from 'float' to 'int', possible loss of data
C:\facultate\proiectip\electron\electron\main.cpp(115,39): warning C4244: 'argument': conversion from 'float' to 'int', possible loss of data
C:\facultate\proiectip\electron\electron\main.cpp(115,25): warning C4244: 'argument': conversion from 'float' to 'int', possible loss of data
C:\facultate\proiectip\electron\electron\main.cpp(115,20): warning C4244: 'argument': conversion from 'float' to 'int', possible loss of data
C:\facultate\proiectip\electron\electron\main.cpp(116,33): warning C4244: 'argument': conversion from 'float' to 'int', possible loss of data
C:\facultate\proiectip\electron\electron\main.cpp(116,29): warning C4244: 'argument': conversion from 'float' to 'int', possible loss of data
C:\facultate\proiectip\electron\electron\main.cpp(116,25): warning C4244: 'argument': conversion from 'float' to 'int', possible loss of data
C:\facultate\proiectip\electron\electron\main.cpp(116,20): warning C4244: 'argument': conversion from 'float' to 'int', possible loss of data
C:\facultate\proiectip\electron\electron\main.cpp(132,89): warning C4244: 'argument': conversion from 'float' to 'int', possible loss of data
C:\facultate\proiectip\electron\electron\main.cpp(132,67): warning C4244: 'argument': conversion from 'float' to 'int', possible loss of data
C:\facultate\proiectip\electron\electron\main.cpp(132,45): warning C4244: 'argument': conversion from 'float' to 'int', possible loss of data
C:\facultate\proiectip\electron\electron\main.cpp(132,23): warning C4244: 'argument': conversion from 'float' to 'int', possible loss of data
C:\facultate\proiectip\electron\electron\main.cpp(144,79): warning C4244: 'argument': conversion from 'float' to 'int', possible loss of data
C:\facultate\proiectip\electron\electron\main.cpp(144,69): warning C4244: 'argument': conversion from 'float' to 'int', possible loss of data
C:\facultate\proiectip\electron\electron\main.cpp(144,64): warning C4244: 'argument': conversion from 'float' to 'int', possible loss of data
C:\facultate\proiectip\electron\electron\main.cpp(144,61): warning C4244: 'argument': conversion from 'float' to 'int', possible loss of data
C:\facultate\proiectip\electron\electron\main.cpp(144,48): warning C4244: 'argument': conversion from 'float' to 'int', possible loss of data
C:\facultate\proiectip\electron\electron\main.cpp(144,26): warning C4244: 'argument': conversion from 'float' to 'int', possible loss of data
C:\facultate\proiectip\electron\electron\main.cpp(155,46): warning C4244: 'argument': conversion from 'float' to 'int', possible loss of data
C:\facultate\proiectip\electron\electron\main.cpp(155,38): warning C4244: 'argument': conversion from 'float' to 'int', possible loss of data
C:\facultate\proiectip\electron\electron\main.cpp(155,30): warning C4244: 'argument': conversion from 'float' to 'int', possible loss of data
C:\facultate\proiectip\electron\electron\main.cpp(155,22): warning C4244: 'argument': conversion from 'float' to 'int', possible loss of data
C:\facultate\proiectip\electron\electron\main.cpp(157,30): warning C4244: 'argument': conversion from 'float' to 'int', possible loss of data
C:\facultate\proiectip\electron\electron\main.cpp(157,22): warning C4244: 'argument': conversion from 'float' to 'int', possible loss of data
C:\facultate\proiectip\electron\electron\main.cpp(190,9): warning C4996: 'itoa': The POSIX name for this item is deprecated. Instead, use the ISO C and C++ conformant name: _itoa. See online help for details.
C:\facultate\proiectip\electron\electron\main.cpp(216,13): warning C4996: 'itoa': The POSIX name for this item is deprecated. Instead, use the ISO C and C++ conformant name: _itoa. See online help for details.
C:\facultate\proiectip\electron\electron\main.cpp(229,13): warning C4996: 'itoa': The POSIX name for this item is deprecated. Instead, use the ISO C and C++ conformant name: _itoa. See online help for details.
C:\facultate\proiectip\electron\electron\main.cpp(241,31): warning C4305: '+=': truncation from 'double' to 'float'
C:\facultate\proiectip\electron\electron\main.cpp(243,31): warning C4305: '-=': truncation from 'double' to 'float'
C:\facultate\proiectip\electron\electron\main.cpp(333,20): warning C4244: 'return': conversion from 'float' to 'int', possible loss of data
C:\facultate\proiectip\electron\electron\main.cpp(377,35): warning C4244: '=': conversion from 'int' to 'float', possible loss of data
C:\facultate\proiectip\electron\electron\main.cpp(378,35): warning C4244: '=': conversion from 'int' to 'float', possible loss of data
C:\facultate\proiectip\electron\electron\main.cpp(382,37): warning C4244: 'initializing': conversion from 'int' to 'float', possible loss of data
C:\facultate\proiectip\electron\electron\main.cpp(383,37): warning C4244: 'initializing': conversion from 'int' to 'float', possible loss of data
C:\facultate\proiectip\electron\electron\main.cpp(402,35): warning C4244: '=': conversion from 'int' to 'float', possible loss of data
C:\facultate\proiectip\electron\electron\main.cpp(403,35): warning C4244: '=': conversion from 'int' to 'float', possible loss of data
C:\facultate\proiectip\electron\electron\main.cpp(467,49): warning C4244: '=': conversion from 'int' to 'float', possible loss of data
C:\facultate\proiectip\electron\electron\main.cpp(468,49): warning C4244: '=': conversion from 'int' to 'float', possible loss of data
C:\facultate\proiectip\electron\electron\main.cpp(474,31): warning C4244: 'argument': conversion from 'int' to 'float', possible loss of data
C:\facultate\proiectip\electron\electron\main.cpp(474,28): warning C4244: 'argument': conversion from 'int' to 'float', possible loss of data
C:\facultate\proiectip\electron\electron\main.cpp(528,17): warning C4244: 'initializing': conversion from 'float' to 'int', possible loss of data
C:\facultate\proiectip\electron\electron\main.cpp(566,41): warning C4244: 'argument': conversion from 'float' to 'int', possible loss of data
C:\facultate\proiectip\electron\electron\main.cpp(566,33): warning C4244: 'argument': conversion from 'float' to 'int', possible loss of data
C:\facultate\proiectip\electron\electron\main.cpp(566,25): warning C4244: 'argument': conversion from 'float' to 'int', possible loss of data
C:\facultate\proiectip\electron\electron\main.cpp(566,17): warning C4244: 'argument': conversion from 'float' to 'int', possible loss of data
C:\facultate\proiectip\electron\electron\main.cpp(567,36): warning C4244: 'argument': conversion from 'float' to 'int', possible loss of data
C:\facultate\proiectip\electron\electron\main.cpp(567,28): warning C4244: 'argument': conversion from 'float' to 'int', possible loss of data
C:\facultate\proiectip\electron\electron\main.cpp(567,20): warning C4244: 'argument': conversion from 'float' to 'int', possible loss of data
C:\facultate\proiectip\electron\electron\main.cpp(567,12): warning C4244: 'argument': conversion from 'float' to 'int', possible loss of data
C:\facultate\proiectip\electron\electron\main.cpp(568,26): warning C4244: 'argument': conversion from 'float' to 'int', possible loss of data
C:\facultate\proiectip\electron\electron\main.cpp(568,21): warning C4244: 'argument': conversion from 'float' to 'int', possible loss of data
C:\facultate\proiectip\electron\electron\main.cpp(568,15): warning C4244: 'argument': conversion from 'float' to 'int', possible loss of data
C:\facultate\proiectip\electron\electron\main.cpp(568,10): warning C4244: 'argument': conversion from 'float' to 'int', possible loss of data
C:\facultate\proiectip\electron\electron\main.cpp(569,36): warning C4244: 'argument': conversion from 'float' to 'int', possible loss of data
C:\facultate\proiectip\electron\electron\main.cpp(569,28): warning C4244: 'argument': conversion from 'float' to 'int', possible loss of data
C:\facultate\proiectip\electron\electron\main.cpp(569,20): warning C4244: 'argument': conversion from 'float' to 'int', possible loss of data
C:\facultate\proiectip\electron\electron\main.cpp(569,12): warning C4244: 'argument': conversion from 'float' to 'int', possible loss of data
C:\facultate\proiectip\electron\electron\main.cpp(571,72): warning C4244: 'argument': conversion from 'float' to 'int', possible loss of data
C:\facultate\proiectip\electron\electron\main.cpp(571,64): warning C4244: 'argument': conversion from 'float' to 'int', possible loss of data
C:\facultate\proiectip\electron\electron\main.cpp(571,55): warning C4244: 'argument': conversion from 'float' to 'int', possible loss of data
C:\facultate\proiectip\electron\electron\main.cpp(571,47): warning C4244: 'argument': conversion from 'float' to 'int', possible loss of data
C:\facultate\proiectip\electron\electron\main.cpp(573,37): warning C4244: 'argument': conversion from 'float' to 'int', possible loss of data
C:\facultate\proiectip\electron\electron\main.cpp(573,29): warning C4244: 'argument': conversion from 'float' to 'int', possible loss of data
C:\facultate\proiectip\electron\electron\main.cpp(573,20): warning C4244: 'argument': conversion from 'float' to 'int', possible loss of data
C:\facultate\proiectip\electron\electron\main.cpp(573,12): warning C4244: 'argument': conversion from 'float' to 'int', possible loss of data
C:\facultate\proiectip\electron\electron\main.cpp(574,36): warning C4244: 'argument': conversion from 'float' to 'int', possible loss of data
C:\facultate\proiectip\electron\electron\main.cpp(574,28): warning C4244: 'argument': conversion from 'float' to 'int', possible loss of data
C:\facultate\proiectip\electron\electron\main.cpp(574,20): warning C4244: 'argument': conversion from 'float' to 'int', possible loss of data
C:\facultate\proiectip\electron\electron\main.cpp(574,12): warning C4244: 'argument': conversion from 'float' to 'int', possible loss of data
C:\facultate\proiectip\electron\electron\main.cpp(576,37): warning C4244: 'argument': conversion from 'float' to 'int', possible loss of data
C:\facultate\proiectip\electron\electron\main.cpp(576,29): warning C4244: 'argument': conversion from 'float' to 'int', possible loss of data
C:\facultate\proiectip\electron\electron\main.cpp(576,20): warning C4244: 'argument': conversion from 'float' to 'int', possible loss of data
C:\facultate\proiectip\electron\electron\main.cpp(576,12): warning C4244: 'argument': conversion from 'float' to 'int', possible loss of data
C:\facultate\proiectip\electron\electron\main.cpp(578,42): warning C4244: 'argument': conversion from 'float' to 'int', possible loss of data
C:\facultate\proiectip\electron\electron\main.cpp(578,34): warning C4244: 'argument': conversion from 'float' to 'int', possible loss of data
C:\facultate\proiectip\electron\electron\main.cpp(578,25): warning C4244: 'argument': conversion from 'float' to 'int', possible loss of data
C:\facultate\proiectip\electron\electron\main.cpp(578,17): warning C4244: 'argument': conversion from 'float' to 'int', possible loss of data
C:\facultate\proiectip\electron\electron\main.cpp(579,25): warning C4244: 'argument': conversion from 'float' to 'int', possible loss of data
C:\facultate\proiectip\electron\electron\main.cpp(579,17): warning C4244: 'argument': conversion from 'float' to 'int', possible loss of data
C:\facultate\proiectip\electron\electron\main.cpp(581,70): warning C4244: 'argument': conversion from 'float' to 'int', possible loss of data
C:\facultate\proiectip\electron\electron\main.cpp(581,62): warning C4244: 'argument': conversion from 'float' to 'int', possible loss of data
C:\facultate\proiectip\electron\electron\main.cpp(581,53): warning C4244: 'argument': conversion from 'float' to 'int', possible loss of data
C:\facultate\proiectip\electron\electron\main.cpp(581,45): warning C4244: 'argument': conversion from 'float' to 'int', possible loss of data
C:\facultate\proiectip\electron\electron\main.cpp(593,39): warning C4244: '=': conversion from 'int' to 'float', possible loss of data
C:\facultate\proiectip\electron\electron\main.cpp(606,38): warning C4244: '=': conversion from 'int' to 'float', possible loss of data
C:\facultate\proiectip\electron\electron\main.cpp(607,38): warning C4244: '=': conversion from 'int' to 'float', possible loss of data
C:\facultate\proiectip\electron\electron\main.cpp(624,34): warning C4244: '=': conversion from 'int' to 'float', possible loss of data
C:\facultate\proiectip\electron\electron\main.cpp(625,34): warning C4244: '=': conversion from 'int' to 'float', possible loss of data
C:\facultate\proiectip\electron\electron\main.cpp(654,37): warning C4244: 'argument': conversion from 'int' to 'float', possible loss of data
C:\facultate\proiectip\electron\electron\main.cpp(654,34): warning C4244: 'argument': conversion from 'int' to 'float', possible loss of data
C:\facultate\proiectip\electron\electron\main.cpp(654,21): warning C4244: 'initializing': conversion from 'int' to 'float', possible loss of data
C:\facultate\proiectip\electron\electron\main.cpp(658,29): warning C4244: 'argument': conversion from 'int' to 'float', possible loss of data
C:\facultate\proiectip\electron\electron\main.cpp(658,26): warning C4244: 'argument': conversion from 'int' to 'float', possible loss of data
C:\facultate\proiectip\electron\electron\main.cpp(683,28): warning C4244: 'argument': conversion from 'float' to 'int', possible loss of data
C:\facultate\proiectip\electron\electron\main.cpp(686,28): warning C4244: 'argument': conversion from 'int' to 'float', possible loss of data
C:\facultate\proiectip\electron\electron\main.cpp(686,25): warning C4244: 'argument': conversion from 'int' to 'float', possible loss of data
C:\facultate\proiectip\electron\electron\main.cpp(691,41): warning C4244: 'argument': conversion from 'int' to 'float', possible loss of data
C:\facultate\proiectip\electron\electron\main.cpp(691,38): warning C4244: 'argument': conversion from 'int' to 'float', possible loss of data
C:\facultate\proiectip\electron\electron\main.cpp(722,41): warning C4244: 'argument': conversion from 'int' to 'float', possible loss of data
C:\facultate\proiectip\electron\electron\main.cpp(722,38): warning C4244: 'argument': conversion from 'int' to 'float', possible loss of data
  bgi.vcxproj -> C:\facultate\proiectip\electron\electron\Debug\bgi.exe
